  main.cpp
C:\fac\an 3\PG\laburi\OpenGLproject8\main.cpp(57,24): warning C4305: 'initializing': truncation from 'double' to 'GLfloat'
C:\fac\an 3\PG\laburi\OpenGLproject8\main.cpp(78,19): warning C4244: '=': conversion from 'double' to 'float', possible loss of data
C:\fac\an 3\PG\laburi\OpenGLproject8\main.cpp(178,19): warning C4244: 'initializing': conversion from 'double' to 'float', possible loss of data
C:\fac\an 3\PG\laburi\OpenGLproject8\main.cpp(179,19): warning C4244: 'initializing': conversion from 'double' to 'float', possible loss of data
C:\fac\an 3\PG\laburi\OpenGLproject8\main.cpp(307,40): warning C4244: '+=': conversion from 'double' to 'T', possible loss of data
          with
          [
              T=float
          ]
C:\fac\an 3\PG\laburi\OpenGLproject8\main.cpp(338,39): warning C4244: '+=': conversion from 'double' to 'T', possible loss of data
          with
          [
              T=float
          ]
C:\fac\an 3\PG\laburi\OpenGLproject8\main.cpp(341,39): warning C4244: '-=': conversion from 'double' to 'T', possible loss of data
          with
          [
              T=float
          ]
C:\fac\an 3\PG\laburi\OpenGLproject8\main.cpp(524,35): warning C4244: '=': conversion from 'double' to 'float', possible loss of data
  OpenGLproject8.vcxproj -> C:\fac\an 3\PG\laburi\OpenGLproject8\x64\Debug\OpenGLproject8.exe
